Arguments: 
  /home/nvm/.nvm/versions/node/v6.10.1/bin/node /home/nvm/.nvm/versions/node/v6.10.1/bin/yarn config set cache-folder /tmp/.cache

PATH: 
  /home/nvm/.nvm/versions/node/v6.10.1/bin:/app/bin:/app/.local/bin:/app/node_modules/.bin:/usr/local/go/bin:/usr/local/sbin:/usr/local/bin:/usr/sbin:/usr/bin:/sbin:/bin

Yarn version: 
  0.21.3

Node version: 
  6.10.1

Platform: 
  linux x64

npm manifest: 
  No manifest

yarn manifest: 
  No manifest

Lockfile: 
  No lockfile

Trace: 
  Error: ENOSPC: no space left on device, write
      at Error (native)
      at Object.fs.writeSync (fs.js:787:20)
      at Object.fs.writeFileSync (fs.js:1357:24)
      at /home/nvm/.nvm/versions/node/v6.10.1/lib/node_modules/yarn/node_modules/roadrunner/index.js:25:6
      at /home/nvm/.nvm/versions/node/v6.10.1/lib/node_modules/yarn/node_modules/roadrunner/index.js:12:12
      at emitOne (events.js:101:20)
      at process.emit (events.js:188:7)
      at processEmit [as emit] (/home/nvm/.nvm/versions/node/v6.10.1/lib/node_modules/yarn/node_modules/signal-exit/index.js:149:35)
      at process.exit (internal/process.js:164:15)
      at exit (/home/nvm/.nvm/versions/node/v6.10.1/lib/node_modules/yarn/lib/cli/index.js:432:13)
